<?xml version="1.0" encoding="UTF-8"?>
<!-- Generated by org.testng.reporters.JUnitReportReporter -->
<testsuite hostname="gokulsugu" failures="0" tests="1" name="Global.RestAPI_Graph" time="3.418" errors="0" timestamp="2021-12-15T21:32:23 GMT" skipped="0">
  <testcase classname="Global.RestAPI_Graph" name="verifyUser" time="3.418"/>
  <system-out/>
</testsuite> <!-- Global.RestAPI_Graph -->
